Build started 1/13/2015 2:47:56 AM.
     1>Project "c:\Users\David\documents\visual studio 2013\Projects\App1\App1\App1.WindowsPhone\App1.WindowsPhone.vcxproj" on node 2 (Build target(s)).
     1>ClCompile:
         C:\Program Files (x86)\Microsoft Visual Studio 12.0\VC\bin\CL.exe /c /I"c:\Users\David\documents\visual studio 2013\Projects\App1\App1\App1.WindowsPhone\\" /I"Generated Files\\" /IDebug\ /I"c:\Users\David\documents\visual studio 2013\Projects\App1\App1\App1.Shared\\" /ZI /ZW /ZW:nostdlib /nologo /W3 /WX- /sdl /MP /Od /Oy- /D PSAPI_VERSION=2 /D WINAPI_FAMILY=WINAPI_FAMILY_PHONE_APP /D _UITHREADCTXT_SUPPORT=0 /D _UNICODE /D UNICODE /D _DEBUG /Gm- /EHsc /RTC1 /MDd /GS /fp:precise /Zc:wchar_t /Zc:forScope /Yc"pch.h" /Fp"Debug\App1.WindowsPhone.pch" /Fo"Debug\\" /Fd"Debug\vc120.pdb" /Gd /TP /wd4453 /wd28204 /FU"C:\Program Files (x86)\Microsoft SDKs\WindowsPhoneApp\v8.1\ExtensionSDKs\Microsoft.VCLibs\12.0\References\CommonConfiguration\neutral\platform.winmd" /FU"C:\Program Files (x86)\Windows Phone Kits\8.1\\References\CommonConfiguration\Neutral\Windows.winmd" /FU"C:\Program Files (x86)\Windows Phone Kits\8.1\\References\CommonConfiguration\Neutral\Windows.winmd" /analyze- /errorReport:prompt /bigobj "c:\Users\David\documents\visual studio 2013\Projects\App1\App1\App1.Shared\pch.cpp"
         pch.cpp
         C:\Program Files (x86)\Microsoft Visual Studio 12.0\VC\bin\CL.exe /c /I"c:\Users\David\documents\visual studio 2013\Projects\App1\App1\App1.WindowsPhone\\" /I"Generated Files\\" /IDebug\ /I"c:\Users\David\documents\visual studio 2013\Projects\App1\App1\App1.Shared\\" /ZI /ZW /ZW:nostdlib /nologo /W3 /WX- /sdl /MP /Od /Oy- /D PSAPI_VERSION=2 /D WINAPI_FAMILY=WINAPI_FAMILY_PHONE_APP /D _UITHREADCTXT_SUPPORT=0 /D _UNICODE /D UNICODE /D _DEBUG /Gm- /EHsc /RTC1 /MDd /GS /fp:precise /Zc:wchar_t /Zc:forScope /Yu"pch.h" /Fp"Debug\App1.WindowsPhone.pch" /Fo"Debug\\" /Fd"Debug\vc120.pdb" /Gd /TP /wd4453 /wd28204 /FU"C:\Program Files (x86)\Microsoft SDKs\WindowsPhoneApp\v8.1\ExtensionSDKs\Microsoft.VCLibs\12.0\References\CommonConfiguration\neutral\platform.winmd" /FU"C:\Program Files (x86)\Windows Phone Kits\8.1\\References\CommonConfiguration\Neutral\Windows.winmd" /FU"C:\Program Files (x86)\Windows Phone Kits\8.1\\References\CommonConfiguration\Neutral\Windows.winmd" /analyze- /errorReport:prompt /bigobj "c:\Users\David\documents\visual studio 2013\Projects\App1\App1\App1.Shared\App.xaml.cpp" MainPage.xaml.cpp "Generated Files\XamlTypeInfo.Impl.g.cpp"
         App.xaml.cpp
         MainPage.xaml.cpp
         XamlTypeInfo.Impl.g.cpp
       CreateWinMD:
         C:\Program Files (x86)\Microsoft Visual Studio 12.0\VC\bin\link.exe /ERRORREPORT:PROMPT /OUT:"c:\Users\David\documents\visual studio 2013\Projects\App1\Debug\App1.WindowsPhone\App1.WindowsPhone.exe" /INCREMENTAL /NOLOGO WindowsPhoneCore.lib RuntimeObject.lib PhoneAppModelHost.lib /NODEFAULTLIB:kernel32.lib /NODEFAULTLIB:ole32.lib /MANIFEST:NO /DEBUG /PDB:"c:\Users\David\documents\visual studio 2013\Projects\App1\Debug\App1.WindowsPhone\App1.WindowsPhone.pdb" /SUBSYSTEM:WINDOWS /TLBID:1 /APPCONTAINER /WINMD:ONLY /WINMDFILE:"c:\Users\David\documents\visual studio 2013\Projects\App1\Debug\App1.WindowsPhone\App1.winmd" /DYNAMICBASE /NXCOMPAT /MACHINE:X86 Debug\App.xaml.obj
         Debug\pch.obj
         Debug\MainPage.xaml.obj
         Debug\XamlTypeInfo.Impl.g.obj
       CompileXamlGeneratedFiles:
         C:\Program Files (x86)\Microsoft Visual Studio 12.0\VC\bin\CL.exe /c /I"c:\Users\David\documents\visual studio 2013\Projects\App1\App1\App1.WindowsPhone\\" /I"Generated Files\\" /IDebug\ /I"c:\Users\David\documents\visual studio 2013\Projects\App1\App1\App1.Shared\\" /ZI /ZW /ZW:nostdlib /nologo /W3 /WX- /sdl /MP /Od /Oy- /D PSAPI_VERSION=2 /D WINAPI_FAMILY=WINAPI_FAMILY_PHONE_APP /D _UITHREADCTXT_SUPPORT=0 /D _UNICODE /D UNICODE /D _DEBUG /Gm- /EHsc /RTC1 /MDd /GS /fp:precise /Zc:wchar_t /Zc:forScope /Yu"pch.h" /Fp"Debug\App1.WindowsPhone.pch" /Fo"Debug\\" /Fd"Debug\vc120.pdb" /Gd /TP /wd4453 /wd28204 /FU"C:\Program Files (x86)\Microsoft SDKs\WindowsPhoneApp\v8.1\ExtensionSDKs\Microsoft.VCLibs\12.0\References\CommonConfiguration\neutral\platform.winmd" /FU"C:\Program Files (x86)\Windows Phone Kits\8.1\\References\CommonConfiguration\Neutral\Windows.winmd" /FU"C:\Program Files (x86)\Windows Phone Kits\8.1\\References\CommonConfiguration\Neutral\Windows.winmd" /analyze- /errorReport:prompt /bigobj "Generated Files\XamlTypeInfo.g.cpp"
         XamlTypeInfo.g.cpp
       Link:
         C:\Program Files (x86)\Microsoft Visual Studio 12.0\VC\bin\link.exe /ERRORREPORT:PROMPT /OUT:"c:\Users\David\documents\visual studio 2013\Projects\App1\Debug\App1.WindowsPhone\App1.WindowsPhone.exe" /INCREMENTAL /NOLOGO WindowsPhoneCore.lib RuntimeObject.lib PhoneAppModelHost.lib /NODEFAULTLIB:kernel32.lib /NODEFAULTLIB:ole32.lib /MANIFEST:NO /DEBUG /PDB:"c:\Users\David\documents\visual studio 2013\Projects\App1\Debug\App1.WindowsPhone\App1.WindowsPhone.pdb" /SUBSYSTEM:WINDOWS /TLBID:1 /APPCONTAINER /WINMD:NO /WINMDFILE:"c:\Users\David\documents\visual studio 2013\Projects\App1\Debug\App1.WindowsPhone\App1.winmd" /DYNAMICBASE /NXCOMPAT /MACHINE:X86 Debug\App.xaml.obj
         Debug\pch.obj
         Debug\MainPage.xaml.obj
         Debug\XamlTypeInfo.Impl.g.obj
         Debug\XamlTypeInfo.g.obj
            Creating library c:\Users\David\documents\visual studio 2013\Projects\App1\Debug\App1.WindowsPhone\App1.WindowsPhone.lib and object c:\Users\David\documents\visual studio 2013\Projects\App1\Debug\App1.WindowsPhone\App1.WindowsPhone.exp
         App1.WindowsPhone.vcxproj -> c:\Users\David\documents\visual studio 2013\Projects\App1\Debug\App1.WindowsPhone\App1.WindowsPhone.exe
       _GenerateProjectPriFileCore:
         C:\Program Files (x86)\Windows Kits\8.1\\bin\x86\MakePri.exe New -ProjectRoot "c:\Users\David\documents\visual studio 2013\Projects\App1\App1\App1.WindowsPhone\\" -ConfigXml Debug\priconfig.xml -OutputFile "c:\Users\David\documents\visual studio 2013\Projects\App1\Debug\App1.WindowsPhone\resources.pri" -ExtensionDll "C:\Program Files (x86)\Windows Phone Kits\8.1\\bin\x86\MrmEnvironmentExtDl.dll" -IndexName 547d19a7-66cf-47b3-b092-5c7d1932a2ef -Verbose -Overwrite  
     1>Done Building Project "c:\Users\David\documents\visual studio 2013\Projects\App1\App1\App1.WindowsPhone\App1.WindowsPhone.vcxproj" (Build target(s)).

Build succeeded.

Time Elapsed 00:00:17.15
